
 ____ _____ ____ ____ 
 / \ | | / \ / \ / \ | | 
| | | | | | | \ | | | 
| \____/| | \____/ \___/\ |_ |_ v0.5
|______ | |_______ 
 \ | \ 
 | | | 
 ______/ _____/ \_____/ 
Contact us for any bug reports at syscall@knnect.com 


Socket created on IP  port 9090 
Current Connections= 0
Current Connections= 1
Device connected from 112.135.201.143 via its port 52056
130826161331,,GPRMC,161016.6,A,0703.5977,N,07957.6710,E,0.0,0.00,260813,0.0,E,A*38,F,imei:359116031998504,09,,F:4.02V,1,120,,413,01,3A138,767A

['130826161331', '', 'GPRMC', '161016.6', 'A', '0703.5977', 'N', '07957.6710', 'E', '0.0', '0.00', '260813', '0.0', 'E', 'A*38', 'F', 'imei:359116031998504', '09', '', 'F:4.02V', '1', '120', '', '413', '01', '3A138', '767A\r\n']
---------Initial check complete---------
 gpsObject is True
Starting approval of vehicle from DB
(('359116031998504',),)
359116031998504
IMEI Number is already approved
-----Continue to recive data IMEI number is valid and approved -----
insert into vehicle_status values("359116031998504",now(),null,1) ON DUPLICATE KEY update connected_on = now() , current_status = 1
Vehicle Flag set to online
2
130826161334,,GPRMC,,V,,,,,,,,,,N*53,L,imei:359116031998504,09,,F:4.02V,1,074,,413,01,3A138,767A

Device not connected to GPS satalites (lat long passing error)
Device is not connected to GPS Satellites
130826161337,,GPRMC,,V,,,,,,,,,,N*53,L,imei:359116031998504,09,,F:4.02V,1,074,,413,01,3A13B,767A

Device not connected to GPS satalites (lat long passing error)
Device is not connected to GPS Satellites
130826161340,,GPRMC,,V,,,,,,,,,,N*53,L,imei:359116031998504,04,,F:4.02V,1,074,,413,01,3A138,767A

Device not connected to GPS satalites (lat long passing error)
Device is not connected to GPS Satellites
130826161344,,GPRMC,161344.1,A,0703.5943,N,07957.6681,E,1.9,0.00,260813,0.0,E,A*3D,F,imei:359116031998504,04,,F:4.02V,1,120,,413,01,3A138,767A

['130826161344', '', 'GPRMC', '161344.1', 'A', '0703.5943', 'N', '07957.6681', 'E', '1.9', '0.00', '260813', '0.0', 'E', 'A*3D', 'F', 'imei:359116031998504', '04', '', 'F:4.02V', '1', '120', '', '413', '01', '3A138', '767A\r\n']
Receiving GPS coordinates....(Thread Name: Thread-1)
130826161348,,GPRMC,161348.8,A,0703.5973,N,07957.6692,E,0.0,0.00,260813,0.0,E,A*31,F,imei:359116031998504,08,,F:4.02V,1,120,,413,01,3A138,767A

['130826161348', '', 'GPRMC', '161348.8', 'A', '0703.5973', 'N', '07957.6692', 'E', '0.0', '0.00', '260813', '0.0', 'E', 'A*31', 'F', 'imei:359116031998504', '08', '', 'F:4.02V', '1', '120', '', '413', '01', '3A138', '767A\r\n']
Receiving GPS coordinates....(Thread Name: Thread-1)
130826161351,,GPRMC,161351.4,A,0703.5974,N,07957.6687,E,0.0,0.00,260813,0.0,E,A*36,F,imei:359116031998504,08,,F:4.02V,1,120,,413,01,3A138,767A

['130826161351', '', 'GPRMC', '161351.4', 'A', '0703.5974', 'N', '07957.6687', 'E', '0.0', '0.00', '260813', '0.0', 'E', 'A*36', 'F', 'imei:359116031998504', '08', '', 'F:4.02V', '1', '120', '', '413', '01', '3A138', '767A\r\n']
Receiving GPS coordinates....(Thread Name: Thread-1)
130826161354,,GPRMC,161354.5,A,0703.5979,N,07957.6683,E,0.0,0.00,260813,0.0,E,A*3B,F,imei:359116031998504,10,,F:4.02V,1,120,,413,01,3A138,767A

['130826161354', '', 'GPRMC', '161354.5', 'A', '0703.5979', 'N', '07957.6683', 'E', '0.0', '0.00', '260813', '0.0', 'E', 'A*3B', 'F', 'imei:359116031998504', '10', '', 'F:4.02V', '1', '120', '', '413', '01', '3A138', '767A\r\n']
Receiving GPS coordinates....(Thread Name: Thread-1)
130826161357,,GPRMC,161357.6,A,0703.5982,N,07957.6685,E,0.0,0.00,260813,0.0,E,A*39,F,imei:359116031998504,10,,F:4.02V,1,120,,413,01,3A138,767A

['130826161357', '', 'GPRMC', '161357.6', 'A', '0703.5982', 'N', '07957.6685', 'E', '0.0', '0.00', '260813', '0.0', 'E', 'A*39', 'F', 'imei:359116031998504', '10', '', 'F:4.02V', '1', '120', '', '413', '01', '3A138', '767A\r\n']
Receiving GPS coordinates....(Thread Name: Thread-1)
130826161400,,GPRMC,161400.9,A,0703.5982,N,07957.6685,E,0.0,0.00,260813,0.0,E,A*33,F,imei:359116031998504,10,,F:4.02V,1,120,,413,01,3A138,767A

['130826161400', '', 'GPRMC', '161400.9', 'A', '0703.5982', 'N', '07957.6685', 'E', '0.0', '0.00', '260813', '0.0', 'E', 'A*33', 'F', 'imei:359116031998504', '10', '', 'F:4.02V', '1', '120', '', '413', '01', '3A138', '767A\r\n']
Receiving GPS coordinates....(Thread Name: Thread-1)
130826161403,,GPRMC,161403.5,A,0703.5982,N,07957.6685,E,0.0,0.00,260813,0.0,E,A*3C,F,imei:359116031998504,10,,F:4.02V,1,120,,413,01,3A138,767A

['130826161403', '', 'GPRMC', '161403.5', 'A', '0703.5982', 'N', '07957.6685', 'E', '0.0', '0.00', '260813', '0.0', 'E', 'A*3C', 'F', 'imei:359116031998504', '10', '', 'F:4.02V', '1', '120', '', '413', '01', '3A138', '767A\r\n']
Receiving GPS coordinates....(Thread Name: Thread-1)
130826161406,,GPRMC,161406.3,A,0703.5982,N,07957.6685,E,0.0,0.00,260813,0.0,E,A*3F,F,imei:359116031998504,10,,F:4.02V,1,120,,413,01,3A138,767A

['130826161406', '', 'GPRMC', '161406.3', 'A', '0703.5982', 'N', '07957.6685', 'E', '0.0', '0.00', '260813', '0.0', 'E', 'A*3F', 'F', 'imei:359116031998504', '10', '', 'F:4.02V', '1', '120', '', '413', '01', '3A138', '767A\r\n']
Receiving GPS coordinates....(Thread Name: Thread-1)
130826161409,,GPRMC,161409.6,A,0703.5982,N,07957.6685,E,0.0,0.00,260813,0.0,E,A*35,F,imei:359116031998504,10,,F:4.02V,1,120,,413,01,3A138,767A

['130826161409', '', 'GPRMC', '161409.6', 'A', '0703.5982', 'N', '07957.6685', 'E', '0.0', '0.00', '260813', '0.0', 'E', 'A*35', 'F', 'imei:359116031998504', '10', '', 'F:4.02V', '1', '120', '', '413', '01', '3A138', '767A\r\n']
Receiving GPS coordinates....(Thread Name: Thread-1)
130826161413,,GPRMC,161413.4,A,0703.5982,N,07957.6685,E,0.0,0.00,260813,0.0,E,A*3C,F,imei:359116031998504,10,,F:4.02V,1,120,,413,01,3A138,767A

['130826161413', '', 'GPRMC', '161413.4', 'A', '0703.5982', 'N', '07957.6685', 'E', '0.0', '0.00', '260813', '0.0', 'E', 'A*3C', 'F', 'imei:359116031998504', '10', '', 'F:4.02V', '1', '120', '', '413', '01', '3A138', '767A\r\n']
Receiving GPS coordinates....(Thread Name: Thread-1)
130826161416,,GPRMC,161416.3,A,0703.5982,N,07957.6685,E,0.0,0.00,260813,0.0,E,A*3E,F,imei:359116031998504,07,,F:4.02V,1,120,,413,01,3A138,767A

['130826161416', '', 'GPRMC', '161416.3', 'A', '0703.5982', 'N', '07957.6685', 'E', '0.0', '0.00', '260813', '0.0', 'E', 'A*3E', 'F', 'imei:359116031998504', '07', '', 'F:4.02V', '1', '120', '', '413', '01', '3A138', '767A\r\n']
Receiving GPS coordinates....(Thread Name: Thread-1)
130826161419,,GPRMC,161419.6,A,0703.5982,N,07957.6685,E,0.0,0.00,260813,0.0,E,A*34,F,imei:359116031998504,06,,F:4.02V,1,120,,413,01,3A138,767A

['130826161419', '', 'GPRMC', '161419.6', 'A', '0703.5982', 'N', '07957.6685', 'E', '0.0', '0.00', '260813', '0.0', 'E', 'A*34', 'F', 'imei:359116031998504', '06', '', 'F:4.02V', '1', '120', '', '413', '01', '3A138', '767A\r\n']
Receiving GPS coordinates....(Thread Name: Thread-1)
130826161423,,GPRMC,161422.5,A,0703.5982,N,07957.6685,E,0.0,0.00,260813,0.0,E,A*3F,F,imei:359116031998504,06,,F:4.02V,1,120,,413,01,3A138,767A

['130826161423', '', 'GPRMC', '161422.5', 'A', '0703.5982', 'N', '07957.6685', 'E', '0.0', '0.00', '260813', '0.0', 'E', 'A*3F', 'F', 'imei:359116031998504', '06', '', 'F:4.02V', '1', '120', '', '413', '01', '3A138', '767A\r\n']
Receiving GPS coordinates....(Thread Name: Thread-1)
130826161426,,GPRMC,161426.6,A,0703.5982,N,07957.6685,E,0.0,0.00,260813,0.0,E,A*38,F,imei:359116031998504,06,,F:4.02V,1,120,,413,01,3A138,767A

['130826161426', '', 'GPRMC', '161426.6', 'A', '0703.5982', 'N', '07957.6685', 'E', '0.0', '0.00', '260813', '0.0', 'E', 'A*38', 'F', 'imei:359116031998504', '06', '', 'F:4.02V', '1', '120', '', '413', '01', '3A138', '767A\r\n']
Receiving GPS coordinates....(Thread Name: Thread-1)
130826161429,,GPRMC,161429.6,A,0703.5982,N,07957.6685,E,0.0,0.00,260813,0.0,E,A*37,F,imei:359116031998504,06,,F:4.02V,1,120,,413,01,3A138,767A

['130826161429', '', 'GPRMC', '161429.6', 'A', '0703.5982', 'N', '07957.6685', 'E', '0.0', '0.00', '260813', '0.0', 'E', 'A*37', 'F', 'imei:359116031998504', '06', '', 'F:4.02V', '1', '120', '', '413', '01', '3A138', '767A\r\n']
Receiving GPS coordinates....(Thread Name: Thread-1)
130826161432,,GPRMC,161432.3,A,0703.5982,N,07957.6685,E,0.0,0.00,260813,0.0,E,A*38,F,imei:359116031998504,06,,F:4.02V,1,120,,413,01,3A138,767A

['130826161432', '', 'GPRMC', '161432.3', 'A', '0703.5982', 'N', '07957.6685', 'E', '0.0', '0.00', '260813', '0.0', 'E', 'A*38', 'F', 'imei:359116031998504', '06', '', 'F:4.02V', '1', '120', '', '413', '01', '3A138', '767A\r\n']
Receiving GPS coordinates....(Thread Name: Thread-1)
130826161435,,GPRMC,161435.5,A,0703.5982,N,07957.6685,E,0.0,0.00,260813,0.0,E,A*39,F,imei:359116031998504,06,,F:4.02V,1,120,,413,01,3A138,767A

['130826161435', '', 'GPRMC', '161435.5', 'A', '0703.5982', 'N', '07957.6685', 'E', '0.0', '0.00', '260813', '0.0', 'E', 'A*39', 'F', 'imei:359116031998504', '06', '', 'F:4.02V', '1', '120', '', '413', '01', '3A138', '767A\r\n']
Receiving GPS coordinates....(Thread Name: Thread-1)
130826161438,,GPRMC,161438.7,A,0703.5982,N,07957.6685,E,0.0,0.00,260813,0.0,E,A*36,F,imei:359116031998504,06,,F:4.02V,1,120,,413,01,3A138,767A

['130826161438', '', 'GPRMC', '161438.7', 'A', '0703.5982', 'N', '07957.6685', 'E', '0.0', '0.00', '260813', '0.0', 'E', 'A*36', 'F', 'imei:359116031998504', '06', '', 'F:4.02V', '1', '120', '', '413', '01', '3A138', '767A\r\n']
Receiving GPS coordinates....(Thread Name: Thread-1)
130826161441,,GPRMC,161441.4,A,0703.5982,N,07957.6685,E,0.0,0.00,260813,0.0,E,A*3B,F,imei:359116031998504,07,,F:4.02V,1,120,,413,01,3A138,767A

['130826161441', '', 'GPRMC', '161441.4', 'A', '0703.5982', 'N', '07957.6685', 'E', '0.0', '0.00', '260813', '0.0', 'E', 'A*3B', 'F', 'imei:359116031998504', '07', '', 'F:4.02V', '1', '120', '', '413', '01', '3A138', '767A\r\n']
Receiving GPS coordinates....(Thread Name: Thread-1)
130826161445,,GPRMC,161444.5,A,0703.5982,N,07957.6685,E,0.0,0.00,260813,0.0,E,A*3F,F,imei:359116031998504,07,,F:4.02V,1,120,,413,01,3A138,767A

['130826161445', '', 'GPRMC', '161444.5', 'A', '0703.5982', 'N', '07957.6685', 'E', '0.0', '0.00', '260813', '0.0', 'E', 'A*3F', 'F', 'imei:359116031998504', '07', '', 'F:4.02V', '1', '120', '', '413', '01', '3A138', '767A\r\n']
Receiving GPS coordinates....(Thread Name: Thread-1)
130826161448,,GPRMC,161448.6,A,0703.5982,N,07957.6685,E,0.0,0.00,260813,0.0,E,A*30,F,imei:359116031998504,07,,F:4.02V,1,120,,413,01,3A138,767A

['130826161448', '', 'GPRMC', '161448.6', 'A', '0703.5982', 'N', '07957.6685', 'E', '0.0', '0.00', '260813', '0.0', 'E', 'A*30', 'F', 'imei:359116031998504', '07', '', 'F:4.02V', '1', '120', '', '413', '01', '3A138', '767A\r\n']
Receiving GPS coordinates....(Thread Name: Thread-1)
130826161451,,GPRMC,161451.4,A,0703.5982,N,07957.6685,E,0.0,0.00,260813,0.0,E,A*3A,F,imei:359116031998504,07,,F:4.02V,1,120,,413,01,3A138,767A

['130826161451', '', 'GPRMC', '161451.4', 'A', '0703.5982', 'N', '07957.6685', 'E', '0.0', '0.00', '260813', '0.0', 'E', 'A*3A', 'F', 'imei:359116031998504', '07', '', 'F:4.02V', '1', '120', '', '413', '01', '3A138', '767A\r\n']
Receiving GPS coordinates....(Thread Name: Thread-1)
130826161455,,GPRMC,161454.5,A,0703.5982,N,07957.6685,E,0.0,0.00,260813,0.0,E,A*3E,F,imei:359116031998504,07,,F:4.02V,1,120,,413,01,3A138,767A

['130826161455', '', 'GPRMC', '161454.5', 'A', '0703.5982', 'N', '07957.6685', 'E', '0.0', '0.00', '260813', '0.0', 'E', 'A*3E', 'F', 'imei:359116031998504', '07', '', 'F:4.02V', '1', '120', '', '413', '01', '3A138', '767A\r\n']
Receiving GPS coordinates....(Thread Name: Thread-1)
130826161458,,GPRMC,161458.6,A,0703.5982,N,07957.6685,E,0.0,0.00,260813,0.0,E,A*31,F,imei:359116031998504,07,,F:4.02V,1,120,,413,01,3A138,767A

['130826161458', '', 'GPRMC', '161458.6', 'A', '0703.5982', 'N', '07957.6685', 'E', '0.0', '0.00', '260813', '0.0', 'E', 'A*31', 'F', 'imei:359116031998504', '07', '', 'F:4.02V', '1', '120', '', '413', '01', '3A138', '767A\r\n']
Receiving GPS coordinates....(Thread Name: Thread-1)
130826161501,,GPRMC,161501.6,A,0703.5982,N,07957.6685,E,0.0,0.00,260813,0.0,E,A*3C,F,imei:359116031998504,07,,F:4.02V,1,120,,413,01,3A138,767A

['130826161501', '', 'GPRMC', '161501.6', 'A', '0703.5982', 'N', '07957.6685', 'E', '0.0', '0.00', '260813', '0.0', 'E', 'A*3C', 'F', 'imei:359116031998504', '07', '', 'F:4.02V', '1', '120', '', '413', '01', '3A138', '767A\r\n']
Receiving GPS coordinates....(Thread Name: Thread-1)
130826161505,,GPRMC,161504.4,A,0703.5982,N,07957.6685,E,0.0,0.00,260813,0.0,E,A*3B,F,imei:359116031998504,07,,F:4.02V,1,120,,413,01,3A138,767A

['130826161505', '', 'GPRMC', '161504.4', 'A', '0703.5982', 'N', '07957.6685', 'E', '0.0', '0.00', '260813', '0.0', 'E', 'A*3B', 'F', 'imei:359116031998504', '07', '', 'F:4.02V', '1', '120', '', '413', '01', '3A138', '767A\r\n']
Receiving GPS coordinates....(Thread Name: Thread-1)
130826161508,,GPRMC,161507.5,A,0703.5982,N,07957.6685,E,0.0,0.00,260813,0.0,E,A*39,F,imei:359116031998504,07,,F:4.02V,1,120,,413,01,3A138,767A

['130826161508', '', 'GPRMC', '161507.5', 'A', '0703.5982', 'N', '07957.6685', 'E', '0.0', '0.00', '260813', '0.0', 'E', 'A*39', 'F', 'imei:359116031998504', '07', '', 'F:4.02V', '1', '120', '', '413', '01', '3A138', '767A\r\n']
Receiving GPS coordinates....(Thread Name: Thread-1)
130826161511,,GPRMC,161511.6,A,0703.5982,N,07957.6685,E,0.0,0.00,260813,0.0,E,A*3D,F,imei:359116031998504,07,,F:4.02V,1,120,,413,01,3A138,767A

['130826161511', '', 'GPRMC', '161511.6', 'A', '0703.5982', 'N', '07957.6685', 'E', '0.0', '0.00', '260813', '0.0', 'E', 'A*3D', 'F', 'imei:359116031998504', '07', '', 'F:4.02V', '1', '120', '', '413', '01', '3A138', '767A\r\n']
Receiving GPS coordinates....(Thread Name: Thread-1)
130826161512,,GPRMC,161512.6,A,0703.5982,N,07957.6685,E,0.0,0.00,260813,0.0,E,A*3E,F,imei:359116031998504,07,,F:4.02V,1,120,,413,01,3A138,767A

['130826161512', '', 'GPRMC', '161512.6', 'A', '0703.5982', 'N', '07957.6685', 'E', '0.0', '0.00', '260813', '0.0', 'E', 'A*3E', 'F', 'imei:359116031998504', '07', '', 'F:4.02V', '1', '120', '', '413', '01', '3A138', '767A\r\n']
Receiving GPS coordinates....(Thread Name: Thread-1)
130826161518,,GPRMC,161518.6,A,0703.5982,N,07957.6685,E,0.0,0.00,260813,0.0,E,A*34,F,imei:359116031998504,07,,F:4.02V,1,120,,413,01,3A138,767A

['130826161518', '', 'GPRMC', '161518.6', 'A', '0703.5982', 'N', '07957.6685', 'E', '0.0', '0.00', '260813', '0.0', 'E', 'A*34', 'F', 'imei:359116031998504', '07', '', 'F:4.02V', '1', '120', '', '413', '01', '3A138', '767A\r\n']
Receiving GPS coordinates....(Thread Name: Thread-1)
130826161521,,GPRMC,161521.6,A,0703.5982,N,07957.6685,E,0.0,0.00,260813,0.0,E,A*3E,F,imei:359116031998504,07,,F:4.02V,1,120,,413,01,3A138,767A

['130826161521', '', 'GPRMC', '161521.6', 'A', '0703.5982', 'N', '07957.6685', 'E', '0.0', '0.00', '260813', '0.0', 'E', 'A*3E', 'F', 'imei:359116031998504', '07', '', 'F:4.02V', '1', '120', '', '413', '01', '3A138', '767A\r\n']
Receiving GPS coordinates....(Thread Name: Thread-1)
130826161522,,GPRMC,161522.6,A,0703.5982,N,07957.6685,E,0.0,0.00,260813,0.0,E,A*3D,F,imei:359116031998504,07,,F:4.02V,1,120,,413,01,3A138,767A

['130826161522', '', 'GPRMC', '161522.6', 'A', '0703.5982', 'N', '07957.6685', 'E', '0.0', '0.00', '260813', '0.0', 'E', 'A*3D', 'F', 'imei:359116031998504', '07', '', 'F:4.02V', '1', '120', '', '413', '01', '3A138', '767A\r\n']
Receiving GPS coordinates....(Thread Name: Thread-1)
130826161528,,GPRMC,161528.6,A,0703.5982,N,07957.6685,E,0.0,0.00,260813,0.0,E,A*37,F,imei:359116031998504,07,,F:4.02V,1,120,,413,01,3A138,767A

['130826161528', '', 'GPRMC', '161528.6', 'A', '0703.5982', 'N', '07957.6685', 'E', '0.0', '0.00', '260813', '0.0', 'E', 'A*37', 'F', 'imei:359116031998504', '07', '', 'F:4.02V', '1', '120', '', '413', '01', '3A138', '767A\r\n']
Receiving GPS coordinates....(Thread Name: Thread-1)
130826161531,,GPRMC,161530.6,A,0703.5982,N,07957.6685,E,0.0,0.00,260813,0.0,E,A*3E,F,imei:359116031998504,07,,F:4.05V,1,120,,413,01,3A138,767A

['130826161531', '', 'GPRMC', '161530.6', 'A', '0703.5982', 'N', '07957.6685', 'E', '0.0', '0.00', '260813', '0.0', 'E', 'A*3E', 'F', 'imei:359116031998504', '07', '', 'F:4.05V', '1', '120', '', '413', '01', '3A138', '767A\r\n']
Receiving GPS coordinates....(Thread Name: Thread-1)
130826161534,,GPRMC,161534.6,A,0703.5982,N,07957.6685,E,0.0,0.00,260813,0.0,E,A*3A,F,imei:359116031998504,07,,F:4.05V,1,120,,413,01,3A138,767A

['130826161534', '', 'GPRMC', '161534.6', 'A', '0703.5982', 'N', '07957.6685', 'E', '0.0', '0.00', '260813', '0.0', 'E', 'A*3A', 'F', 'imei:359116031998504', '07', '', 'F:4.05V', '1', '120', '', '413', '01', '3A138', '767A\r\n']
Receiving GPS coordinates....(Thread Name: Thread-1)
130826161538,,GPRMC,161537.4,A,0703.5982,N,07957.6685,E,0.0,0.00,260813,0.0,E,A*3B,F,imei:359116031998504,07,,F:4.05V,1,120,,413,01,3A138,767A

['130826161538', '', 'GPRMC', '161537.4', 'A', '0703.5982', 'N', '07957.6685', 'E', '0.0', '0.00', '260813', '0.0', 'E', 'A*3B', 'F', 'imei:359116031998504', '07', '', 'F:4.05V', '1', '120', '', '413', '01', '3A138', '767A\r\n']
Receiving GPS coordinates....(Thread Name: Thread-1)
130826161541,,GPRMC,161541.6,A,0703.5982,N,07957.6685,E,0.0,0.00,260813,0.0,E,A*38,F,imei:359116031998504,07,,F:4.05V,1,120,,413,01,3A138,767A

['130826161541', '', 'GPRMC', '161541.6', 'A', '0703.5982', 'N', '07957.6685', 'E', '0.0', '0.00', '260813', '0.0', 'E', 'A*38', 'F', 'imei:359116031998504', '07', '', 'F:4.05V', '1', '120', '', '413', '01', '3A138', '767A\r\n']
Receiving GPS coordinates....(Thread Name: Thread-1)
130826161544,,GPRMC,161544.6,A,0703.5982,N,07957.6685,E,0.0,0.00,260813,0.0,E,A*3D,F,imei:359116031998504,07,,F:4.05V,1,120,,413,01,3A138,767A

['130826161544', '', 'GPRMC', '161544.6', 'A', '0703.5982', 'N', '07957.6685', 'E', '0.0', '0.00', '260813', '0.0', 'E', 'A*3D', 'F', 'imei:359116031998504', '07', '', 'F:4.05V', '1', '120', '', '413', '01', '3A138', '767A\r\n']
Receiving GPS coordinates....(Thread Name: Thread-1)
130826161548,,GPRMC,161547.4,A,0703.5982,N,07957.6685,E,0.0,0.00,260813,0.0,E,A*3C,F,imei:359116031998504,06,,F:4.05V,1,120,,413,01,3A138,767A

['130826161548', '', 'GPRMC', '161547.4', 'A', '0703.5982', 'N', '07957.6685', 'E', '0.0', '0.00', '260813', '0.0', 'E', 'A*3C', 'F', 'imei:359116031998504', '06', '', 'F:4.05V', '1', '120', '', '413', '01', '3A138', '767A\r\n']
Receiving GPS coordinates....(Thread Name: Thread-1)
130826161551,,GPRMC,161551.2,A,0703.5982,N,07957.6685,E,0.0,0.00,260813,0.0,E,A*3D,F,imei:359116031998504,06,,F:4.05V,1,120,,413,01,3A138,767A

['130826161551', '', 'GPRMC', '161551.2', 'A', '0703.5982', 'N', '07957.6685', 'E', '0.0', '0.00', '260813', '0.0', 'E', 'A*3D', 'F', 'imei:359116031998504', '06', '', 'F:4.05V', '1', '120', '', '413', '01', '3A138', '767A\r\n']
Receiving GPS coordinates....(Thread Name: Thread-1)

Device has been disconnected from remote end retrying 1

Device has been disconnected from remote end retrying 2

Device has been disconnected from remote end retrying 3
Device has been disconnected from remote end DB Flag set To Disconnected
Retrying Faild
Current Connections= 1
Device connected from 112.135.201.143 via its port 45941
130826161653,,GPRMC,161553.2,A,0703.5982,N,07957.6685,E,0.0,0.00,260813,0.0,E,A*3F,F,imei:359116031998504,06,,F:4.06V,1,120,,413,01,3A138,767A

['130826161653', '', 'GPRMC', '161553.2', 'A', '0703.5982', 'N', '07957.6685', 'E', '0.0', '0.00', '260813', '0.0', 'E', 'A*3F', 'F', 'imei:359116031998504', '06', '', 'F:4.06V', '1', '120', '', '413', '01', '3A138', '767A\r\n']
---------Initial check complete---------
 gpsObject is True
Starting approval of vehicle from DB
(('359116031998504',),)
359116031998504
IMEI Number is already approved
-----Continue to recive data IMEI number is valid and approved -----
insert into vehicle_status values("359116031998504",now(),null,1) ON DUPLICATE KEY update connected_on = now() , current_status = 1
Vehicle Flag set to online
2
130826161654,,GPRMC,,V,,,,,,,,,,N*53,L,imei:359116031998504,06,,F:4.06V,1,074,,413,01,3A138,767A

Device not connected to GPS satalites (lat long passing error)
Device is not connected to GPS Satellites
130826161658,,GPRMC,,V,,,,,,,,,,N*53,L,imei:359116031998504,00,,F:4.06V,1,074,,413,01,3A138,767A

Device not connected to GPS satalites (lat long passing error)
Device is not connected to GPS Satellites
130826161704,,GPRMC,,V,,,,,,,,,,N*53,L,imei:359116031998504,05,,F:4.06V,1,074,,413,01,3A138,767A

Device not connected to GPS satal