The event INFO was occored in 2013-08-26 16:13:15,689 : PID : 23587 when executing : configServer @ line number : 260
The event INFO was occored in 2013-08-26 16:13:15,690 : PID : 23587 when executing : main @ line number : 92
The event ERROR was occored in 2013-08-26 16:13:34,487 : PID : 23587 when executing : __init__ @ line number : 83
The event ERROR was occored in 2013-08-26 16:13:37,521 : PID : 23587 when executing : __init__ @ line number : 83
The event ERROR was occored in 2013-08-26 16:13:40,617 : PID : 23587 when executing : __init__ @ line number : 83
The event WARNING was occored in 2013-08-26 16:15:57,560 : PID : 23587 when executing : disconnect @ line number : 129
The event ERROR was occored in 2013-08-26 16:16:56,914 : PID : 23587 when executing : __init__ @ line number : 83
The event ERROR was occored in 2013-08-26 16:16:59,933 : PID : 23587 when executing : __init__ @ line number : 83
The event ERROR was occored in 2013-08-26 16:17:02,985 : PID : 23587 when executing : __init__ @ line number : 83
The event WARNING was occored in 2013-08-26 16:17:17,287 : PID : 23587 when executing : disconnect @ line number : 129
The event ERROR was occored in 2013-09-07 07:11:18,598 : PID : 23587 when executing : __init__ @ line number : 71
The event WARNING was occored in 2013-09-07 07:11:18,614 : PID : 23587 when executing : disconnect @ line number : 129
The event ERROR was occored in 2013-09-07 12:34:32,234 : PID : 23587 when executing : __init__ @ line number : 71
The event WARNING was occored in 2013-09-07 12:34:32,234 : PID : 23587 when executing : disconnect @ line number : 129
The event ERROR was occored in 2013-09-07 12:38:17,875 : PID : 23587 when executing : __init__ @ line number : 71
The event WARNING was occored in 2013-09-07 12:38:17,875 : PID : 23587 when executing : disconnect @ line number : 129
The event WARNING was occored in 2013-09-08 12:54:56,348 : PID : 23587 when executing : disconnect @ line number : 129
The event ERROR was occored in 2013-09-08 12:55:12,368 : PID : 23587 when executing : __init__ @ line number : 83
The event WARNING was occored in 2013-09-08 12:59:36,244 : PID : 23587 when executing : disconnect @ line number : 129
The event ERROR was occored in 2013-09-12 08:04:39,150 : PID : 23587 when executing : __init__ @ line number : 71
The event WARNING was occored in 2013-09-12 08:04:39,161 : PID : 23587 when executing : disconnect @ line number : 129
The event ERROR was occored in 2013-09-13 11:51:32,893 : PID : 23587 when executing : __init__ @ line number : 71
The event WARNING was occored in 2013-09-13 11:51:32,913 : PID : 23587 when executing : disconnect @ line number : 129
The event ERROR was occored in 2013-09-14 03:30:56,561 : PID : 23587 when executing : __init__ @ line number : 83
The event ERROR was occored in 2013-09-14 03:30:58,488 : PID : 23587 when executing : __init__ @ line number : 83
The event ERROR was occored in 2013-09-14 03:31:02,290 : PID : 23587 when executing : __init__ @ line number : 83
The event ERROR was occored in 2013-09-14 03:31:04,615 : PID : 23587 when executing : __init__ @ line number : 83
The event ERROR was occored in 2013-09-14 03:31:08,373 : PID : 23587 when executing : __init__ @ line number : 83
The event WARNING was occored in 2013-09-14 03:31:36,450 : PID : 23587 when executing : disconnect @ line number : 129
The event WARNING was occored in 2013-09-14 03:39:05,379 : PID : 23587 when executing : disconnect @ line number : 129
The event WARNING was occored in 2013-09-14 06:15:13,242 : PID : 23587 when executing : disconnect @ line number : 129
The event WARNING was occored in 2013-09-14 06:15:27,329 : PID : 23587 when executing : disconnect @ line number : 129
The event WARNING was occored in 2013-09-14 06:16:08,782 : PID : 23587 when executing : disconnect @ line number : 129
The event WARNING was occored in 2013-09-14 06:16:55,837 : PID : 23587 when executing : disconnect @ line number : 129
The event WARNING was occored in 2013-09-14 06:20:01,297 : PID : 23587 when executing : disconnect @ line number : 129
The event INFO was occored in 2013-09-14 06:35:28,065 : PID : 28709 when executing : configServer @ line number : 260
The event INFO was occored in 2013-09-14 06:35:28,066 : PID : 28709 when executing : main @ line number : 92
The event INFO was occored in 2013-09-14 06:39:05,820 : PID : 28759 when executing : configServer @ line number : 260
The event INFO was occored in 2013-09-14 06:39:05,821 : PID : 28759 when executing : main @ line number : 92
The event WARNING was occored in 2013-09-14 06:40:06,379 : PID : 28759 when executing : disconnect @ line number : 129
The event WARNING was occored in 2013-09-14 06:42:54,315 : PID : 28759 when executing : disconnect @ line number : 129
The event INFO was occored in 2013-09-14 06:53:06,187 : PID : 29187 when executing : configServer @ line number : 260
The event INFO was occored in 2013-09-14 06:53:06,188 : PID : 29187 when executing : main @ line number : 92
The event INFO was occored in 2013-09-14 06:54:03,908 : PID : 29200 when executing : configServer @ line number : 260
The event INFO was occored in 2013-09-14 06:54:03,908 : PID : 29200 when executing : main @ line number : 92
The event INFO was occored in 2013-09-14 07:20:54,389 : PID : 29596 when executing : configServer @ line number : 260
The event INFO was occored in 2013-09-14 07:20:54,389 : PID : 29596 when executing : main @ line number : 92
The event INFO was occored in 2013-09-14 07:21:25,350 : PID : 29604 when executing : configServer @ line number : 260
The event INFO was occored in 2013-09-14 07:21:25,350 : PID : 29604 when executing : main @ line number : 92
The event INFO was occored in 2013-09-14 07:26:27,623 : PID : 29714 when executing : configServer @ line number : 260
The event INFO was occored in 2013-09-14 07:26:27,624 : PID : 29714 when executing : main @ line number : 92
The event INFO was occored in 2013-09-14 07:28:44,158 : PID : 29762 when executing : configServer @ line number : 260
The event INFO was occored in 2013-09-14 07:28:44,158 : PID : 29762 when executing : main @ line number : 92
The event INFO was occored in 2013-09-14 07:29:21,635 : PID : 29773 when executing : configServer @ line number : 260
The event INFO was occored in 2013-09-14 07:29:21,636 : PID : 29773 when executing : main @ line number : 92
The event WARNING was occored in 2013-09-14 07:30:30,857 : PID : 29773 when executing : disconnect @ line number : 129
The event WARNING was occored in 2013-09-14 07:31:57,362 : PID : 29773 when executing : disconnect @ line number : 129
The event WARNING was occored in 2013-09-14 07:32:10,999 : PID : 29773 when executing : disconnect @ line number : 129
The event WARNING was occored in 2013-09-14 07:32:12,062 : PID : 29773 when executing : disconnect @ line number : 129
The event WARNING was occored in 2013-09-14 07:32:17,273 : PID : 29773 when executing : disconnect @ line number : 129
The event WARNING was occored in 2013-09-14 07:32:22,529 : PID : 29773 when executing : disconnect @ line number : 129
The event WARNING was occored in 2013-09-14 07:32:23,101 : PID : 29773 when executing : disconnect @ line number : 129
The event WARNING was occored in 2013-09-14 07:32:24,104 : PID : 29773 when executing : disconnect @ line number : 129
The event WARNING was occored in 2013-09-14 07:32:25,107 : PID : 29773 when executing : disconnect @ line number : 129
The event WARNING was occored in 2013-09-14 07:32:26,110 : PID : 29773 when executing : disconnect @ line number : 129
The event WARNING was occored in 2013-09-14 07:32:27,113 : PID : 29773 when executing : disconnect @ line number : 129
The event WARNING was occored in 2013-09-14 07:32:27,748 : PID : 29773 when executing : disconnect @ line number : 129
The event WARNING was occored in 2013-09-14 07:32:28,116 : PID : 29773 when executing : disconnect @ line number : 129
The event WARNING was occored in 2013-09-14 07:32:29,119 : PID : 29773 when executing : disconnect @ line number : 129
The event WARNING was occored in 2013-09-14 07:32:30,122 : PID : 29773 when executing : disconnect @ line number : 129
The event WARNING was occored in 2013-09-14 07:32:31,124 : PID : 29773 when executing : disconnect @ line number : 129
The event WARNING was occored in 2013-09-14 07:32:32,128 : PID : 29773 when executing : disconnect @ line number : 129
The event WARNING was occored in 2013-09-14 07:32:33,029 : PID : 29773 when executing : disconnect @ line number : 129
The event WARNING was occored in 2013-09-14 07:32:33,130 : PID : 29773 when executing : disconnect @ line number : 129
The event WARNING was occored in 2013-09-14 07:32:34,132 : PID : 29773 when executing : disconnect @ line number : 129
The event WARNING was occored in 2013-09-14 07:32:35,135 : PID : 29773 when executing : disconnect @ line number : 129
The event WARNING was occored in 2013-09-14 07:32:36,138 : PID : 29773 when executing : disconnect @ line number : 129
The event WARNING was occored in 2013-09-14 07:32:37,140 : PID : 29773 when executing : disconnect @ line number : 129
The event WARNING was occored in 2013-09-14 07:32:38,143 : PID : 29773 when executing : disconnect @ line number : 129
The event WARNING was occored in 2013-09-14 07:32:38,267 : PID : 29773 when executing : disconnect @ line number : 129
The event WARNING was occored in 2013-09-14 07:32:39,147 : PID : 29773 when executing : disconnect @ line number : 129
The event WARNING was occored in 2013-09-14 07:32:40,149 : PID : 29773 when executing : disconnect @ line number : 129
The event WARNING was occored in 2013-09-14 07:32:41,152 : PID : 29773 when executing : disconnect @ line number : 129
The event WARNING was occored in 2013-09-14 07:32:42,188 : PID : 29773 when executing : disconnect @ line number : 129
The event WARNING was occored in 2013-09-14 07:32:43,191 : PID : 29773 when executing : disconnect @ line number : 129
The event WARNING was occored in 2013-09-14 07:32:43,498 : PID : 29773 when executing : disconnect @ line number : 129
The event WARNING was occored in 2013-09-14 07:32:44,194 : PID : 29773 when executing : disconnect @ line number : 129
The event WARNING was occored in 2013-09-14 07:32:45,197 : PID : 29773 when executing : disconnect @ line number : 129
The event WARNING was occored in 2013-09-14 07:32:46,200 : PID : 29773 when executing : disconnect @ line number : 129
The event WARNING was occored in 2013-09-14 07:32:47,204 : PID : 29773 when executing : disconnect @ line number : 129
The event WARNING was occored in 2013-09-14 07:32:48,208 : PID : 29773 when executing : disconnect @ line number : 129
The event WARNING was occored in 2013-09-14 07:32:48,767 : PID : 29773 when executing : disconnect @ line number : 129
The event WARNING was occored in 2013-09-14 07:32:49,211 : PID : 29773 when executing : disconnect @ line number : 129
The event WARNING was occored in 2013-09-14 07:32:50,215 : PID : 29773 when executing : disconnect @ line number : 129
The event WARNING was occored in 2013-09-14 07:32:51,218 : PID : 29773 when executing : disconnect @ line number : 129
The event WARNING was occored in 2013-09-14 07:32:52,222 : PID : 29773 when executing : disconnect @ line number : 129
The event WARNING was occored in 2013-09-14 07:32:53,225 : PID : 29773 when executing : disconnect @ line number : 129
The event WARNING was occored in 2013-09-14 07:32:53,993 : PID : 29773 when executing : disconnect @ line number : 129
The event WARNING was occored in 2013-09-14 07:32:54,228 : PID : 29773 when executing : disconnect @ line number : 129
The event WARNING was occored in 2013-09-14 07:32:55,231 : PID : 29773 when executing : disconnect @ line number : 129
The event WARNING was occored in 2013-09-14 07:32:56,234 : PID : 29773 when executing : disconnect @ line number : 129
The event WARNING was occored in 2013-09-14 07:32:57,236 : PID : 29773 when executing : disconnect @ line number : 129
The event WARNING was occored in 2013-09-14 07:32:58,240 : PID : 29773 when executing : disconnect @ line number : 129
The event WARNING was occored in 2013-09-14 07:32:59,233 : PID : 29773 when executing : disconnect @ line number : 129
The event WARNING was occored in 2013-09-14 07:32:59,242 : PID : 29773 when executing : disconnect @ line number : 129
The event WARNING was occored in 2013-09-14 07:33:00,246 : PID : 29773 when executing : disconnect @ line number : 129
The event WARNING was occored in 2013-09-14 07:33:01,248 : PID : 29773 when executing : disconnect @ line number : 129
The event WARNING was occored in 2013-09-14 07:33:02,251 : PID : 29773 when executing : disconnect @ line number : 129
The event WARNING was occored in 2013-09-14 07:33:03,254 : PID : 29773 when executing : disconnect @ line number : 129
The event WARNING was occored in 2013-09-14 07:33:04,258 : PID : 29773 when executing : disconnect @ line number : 129
The event WARNING was occored in 2013-09-14 07:33:04,495 : PID : 29773 when executing : disconnect @ line number : 129
The event WARNING was occored in 2013-09-14 07:33:05,261 : PID : 29773 when executing : disconnect @ line number : 129
The event WARNING was occored in 2013-09-14 07:33:06,264 : PID : 29773 when executing : disconnect @ line number : 129
The event WARNING was occored in 2013-09-14 07:33:07,266 : PID : 29773 when executing : disconnect @ line number : 129
The event WARNING was occored in 2013-09-14 07:33:08,270 : PID : 29773 when executing : disconnect @ line number : 129
The event WARNING was occored in 2013-09-14 07:33:09,273 : PID : 29773 when executing : disconnect @ line number : 129
The event WARNING was occored in 2013-09-14 07:33:09,751 : PID : 29773 when executing : disconnect @ line number : 129
The event WARNING was occored in 2013-09-14 07:33:10,275 : PID : 29773 when executing : disconnect @ line number : 129
The event WARNING was occored in 2013-09-14 07:33:11,278 : PID : 29773 when executing : disconnect @ line number : 129
The event WARNING was occored in 2013-09-14 07:33:12,315 : PID : 29773 when executing : disconnect @ line number : 129
The event WARNING was occored in 2013-09-14 07:33:13,318 : PID : 29773 when executing : disconnect @ line number : 129
The event WARNING was occored in 2013-09-14 07:33:14,322 : PID : 29773 when executing : disconnect @ line number : 129
The event WARNING was occored in 2013-09-14 07:33:14,970 : PID : 29773 when executing : disconnect @ line number : 129
The event WARNING was occored in 2013-09-14 07:33:15,326 : PID : 29773 when executing : disconnect @ line number : 129
The event WARNING was occored in 2013-09-14 07:33:16,329 : PID : 29773 when executing : disconnect @ line number : 129
The event WARNING was occored in 2013-09-14 07:33:17,332 : PID : 29773 when executing : disconnect @ line number : 129
The event WARNING was occored in 2013-09-14 07:33:18,334 : PID : 29773 when executing : disconnect @ line number : 129
The event WARNING was occored in 2013-09-14 07:33:19,338 : PID : 29773 when executing : disconnect @ line number : 129
The event WARNING was occored in 2013-09-14 07:33:20,192 : PID : 29773 when executing : disconnect @ line number : 129
The event WARNING was occored in 2013-09-14 07:33:20,340 : PID : 29773 when executing : disconnect @ line number : 129
The event WARNING was occored in 2013-09-14 07:33:21,344 : PID : 29773 when executing : disconnect @ line number : 129
The event WARNING was occored in 2013-09-14 07:33:22,347 : PID : 29773 when executing : disconnect @ line number : 129
The event WARNING was occored in 2013-09-14 07:33:23,350 : PID : 29773 when executing : disconnect @ line number : 129
The event WARNING was occored in 2013-09-14 07:33:24,353 : PID : 29773 when executing : disconnect @ line number : 129
The event WARNING was occored in 2013-09-14 07:33:25,356 : PID : 29773 when executing : disconnect @ line number : 129
The event WARNING was occored in 2013-09-14 07:33:25,415 : PID : 29773 when executing : disconnect @ line number : 129
The event WARNING was occored in 2013-09-14 07:33:26,359 : PID : 29773 when executing : disconnect @ line number : 129
The event WARNING was occored in 2013-09-14 07:33:27,368 : PID : 29773 when executing : disconnect @ line number : 129
The event WARNING was occored in 2013-09-14 07:33:28,371 : PID : 29773 when executing : disconnect @ line number : 129
The event WARNING was occored in 2013-09-14 07:33:29,374 : PID : 29773 when executing : disconnect @ line number : 129
The event WARNING was occored in 2013-09-14 07:33:30,377 : PID : 29773 when executing : disconnect @ line number : 129
The event WARNING was occored in 2013-09-14 07:33:30,642 : PID : 29773 when executing : disconnect @ line number : 129
The event WARNING was occored in 2013-09-14 07:33:31,380 : PID : 29773 when executing : disconnect @ line number : 129
The event WARNING was occored in 2013-09-14 07:33:32,382 : PID : 29773 when executing : disconnect @ line number : 129
The event WARNING was occored in 2013-09-14 07:33:33,385 : PID : 29773 when executing : disconnect @ line number : 129
The event WARNING was occored in 2013-09-14 07:33:34,389 : PID : 29773 when executing : disconnect @ line number : 129
The event WARNING was occored in 2013-09-14 07:33:35,392 : PID : 29773 when executing : disconnect @ line number : 129
The event WARNING was occored in 2013-09-14 07:33:35,907 : PID : 29773 when executing : disconnect @ line number : 129
The event WARNING was occored in 2013-09-14 07:33:36,394 : PID : 29773 when executing : disconnect @ line number : 129
The event WARNING was occored in 2013-09-14 07:33:37,398 : PID : 29773 when executing : disconnect @ line number : 129
The event WARNING was occored in 2013-09-14 07:33:38,400 : PID : 29773 when executing : disconnect @ line number : 129
The event WARNING was occored in 2013-09-14 07:33:39,404 : PID : 29773 when executing : disconnect @ line number : 129
The event WARNING was occored in 2013-09-14 07:33:40,406 : PID : 29773 when executing : disconnect @ line number : 129
The event WARNING was occored in 2013-09-14 07:33:41,168 : PID : 29773 when executing : disconnect @ line number : 129
The event WARNING was occored in 2013-09-14 07:33:41,409 : PID : 29773 when executing : disconnect @ line number : 129
The event WARNING was occored in 2013-09-14 07:33:42,450 : PID : 29773 when executing : disconnect @ line number : 129
The event WARNING was occored in 2013-09-14 07:33:43,453 : PID : 29773 when executing : disconnect @ line number : 129
The event WARNING was occored in 2013-09-14 07:33:44,456 : PID : 29773 when executing : disconnect @ line number : 129
The event WARNING was occored in 2013-09-14 07:33:45,459 : PID : 29773 when executing : disconnect @ line number : 129
The event WARNING was occored in 2013-09-14 07:33:46,398 : PID : 29773 when executing : disconnect @ line number : 129
The event WARNING was occored in 2013-09-14 07:33:46,462 : PID : 29773 when executing : disconnect @ line number : 129
The event WARNING was occored in 2013-09-14 07:33:46,621 : PID : 29773 when executing : disconnect @ line number : 129
The event WARNING was occored in 2013-09-14 07:33:47,465 : PID : 29773 when executing : disconnect @ line number : 129
The event WARNING was occored in 2013-09-14 07:33:48,467 : PID : 29773 when executing : disconnect @ line number : 129
The event WARNING was occored in 2013-09-14 07:33:49,471 : PID : 29773 when executing : disconnect @ line number : 129
The event WARNING was occored in 2013-09-14 07:33:50,474 : PID : 29773 when executing : disconnect @ line number : 129
The event WARNING was occored in 2013-09-14 07:33:51,477 : PID : 29773 when executing : disconnect @ line number : 129
The event WARNING was occored in 2013-09-14 07:33:52,480 : PID : 29773 when executing : disconnect @ line number : 129
The event WARNING was occored in 2013-09-14 07:33:53,484 : PID : 29773 when executing : disconnect @ line number : 129
The event WARNING was occored in 2013-09-14 07:33:54,487 : PID : 29773 when executing : disconnect @ line number : 129
The event WARNING was occored in 2013-09-14 07:33:55,489 : PID : 29773 when executing : disconnect @ line number : 129
The event WARNING was occored in 2013-09-14 07:33:56,492 : PID : 29773 when executing : disconnect @ line number : 129
The event WARNING was occored in 2013-09-14 07:33:57,495 : PID : 29773 when executing : disconnect @ line number : 129
The event WARNING was occored in 2013-09-14 07:33:58,497 : PID : 29773 when executing : disconnect @ line number : 129
The event WARNING was occored in 2013-09-14 07:33:59,501 : PID : 29773 when executing : disconnect @ line number : 129
The event WARNING was occored in 2013-09-14 07:34:00,504 : PID : 29773 when executing : disconnect @ line number : 129
The event WARNING was occored in 2013-09-14 07:34:01,506 : PID : 29773 when executing : disconnect @ line number : 129
The event WARNING was occored in 2013-09-14 07:34:01,513 : PID : 29773 when executing : disconnect @ line number : 129
The event WARNING was occored in 2013-09-14 07:38:19,525 : PID : 29773 when executing : disconnect @ line number : 129
The event WARNING was occored in 2013-09-14 07:42:00,797 : PID : 29773 when executing : disconnect @ line number : 129
The event WARNING was occored in 2013-09-14 07:44:46,121 : PID : 29773 when executing : disconnect @ line number : 129
The event WARNING was occored in 2013-09-14 07:45:51,441 : PID : 29773 when executing : disconnect @ line number : 129
The event INFO was occored in 2013-09-14 07:52:14,949 : PID : 30630 when executing : configServer @ line number : 260
The event INFO was occored in 2013-09-14 07:52:14,949 : PID : 30630 when executing : main @ line number : 92
The event WARNING was occored in 2013-09-14 07:52:25,956 : PID : 30630 when executing : disconnect @ line number : 129
The event WARNING was occored in 2013-09-14 07:52:47,451 : PID : 30630 when executing : disconnect @ line number : 129
The event WARNING was occored in 2013-09-14 07:52:56,475 : PID : 30630 when executing : disconnect @ line number : 129
The event WARNING was occored in 2013-09-14 07:52:57,664 : PID : 30630 when executing : disconnect @ line number : 129
The event WARNING was occored in 2013-09-14 07:52:58,668 : PID : 30630 when executing : disconnect @ line number : 129
The event WARNING was occored in 2013-09-14 07:52:59,671 : PID : 30630 when executing : disconnect @ line number : 129
The event WARNING was occored in 2013-09-14 07:53:00,674 : PID : 30630 when executing : disconnect @ line number : 129
The event WARNING was occored in 2013-09-14 07:53:01,677 : PID : 30630 when executing : disconnect @ line number : 129
The event WARNING was occored in 2013-09-14 07:53:02,680 : PID : 30630 when executing : disconnect @ line number : 129
The event WARNING was occored in 2013-09-14 07:53:03,683 : PID : 30630 when executing : disconnect @ line number : 129
The event WARNING was occored in 2013-09-14 07:53:04,687 : PID : 30630 when executing : disconnect @ line number : 129
The event WARNING was occored in 2013-09-14 07:53:05,690 : PID : 30630 when executing : disconnect @ line number : 129
The event WARNING was occored in 2013-09-14 07:53:06,712 : PID : 30630 when executing : disconnect @ line number : 129
The event WARNING was occored in 2013-09-14 07:53:07,715 : PID : 30630 when executing : disconnect @ line number : 129
The event WARNING was occored in 2013-09-14 07:53:08,732 : PID : 30630 when executing : disconnect @ line number : 129
The event WARNING was occored in 2013-09-14 07:53:09,734 : PID : 30630 when executing : disconnect @ line number : 129
The event WARNING was occored in 2013-09-14 07:53:10,757 : PID : 30630 when executing : disconnect @ line number : 129
The event WARNING was occored in 2013-09-14 07:53:11,759 : PID : 30630 when executing : disconnect @ line number : 129
The event WARNING was occored in 2013-09-14 07:53:12,763 : PID : 30630 when executing : disconnect @ line number : 129
The event WARNING was occored in 2013-09-14 07:53:13,766 : PID : 30630 when executing : disconnect @ line number : 129
The event WARNING was occored in 2013-09-14 07:53:14,790 : PID : 30630 when executing : disconnect @ line number : 129
The event WARNING was occored in 2013-09-14 07:53:15,793 : PID : 30630 when executing : disconnect @ line number : 129
The event WARNING was occored in 2013-09-14 07:53:16,796 : PID : 30630 when executing : disconnect @ line number : 129
The event WARNING was occored in 2013-09-14 07:53:17,799 : PID : 30630 when executing : disconnect @ line number : 129
The event WARNING was occored in 2013-09-14 07:53:18,802 : PID : 30630 when executing : disconnect @ line number : 129
The event WARNING was occored in 2013-09-14 07:53:19,805 : PID : 30630 when executing : disconnect @ line number : 129
The event WARNING was occored in 2013-09-14 07:53:20,808 : PID : 30630 when executing : disconnect @ line number : 129
The event WARNING was occored in 2013-09-14 07:53:21,839 : PID : 30630 when executing : disconnect @ line number : 129
The event WARNING was occored in 2013-09-14 07:53:22,843 : PID : 30630 when executing : disconnect @ line number : 129
The event WARNING was occored in 2013-09-14 07:53:23,846 : PID : 30630 when executing : disconnect @ line number : 129
The event WARNING was occored in 2013-09-14 07:53:24,849 : PID : 30630 when executing : disconnect @ line number : 129
The event WARNING was occored in 2013-09-14 07:53:25,852 : PID : 30630 when executing : disconnect @ line number : 129
The event WARNING was occored in 2013-09-14 07:53:26,903 : PID : 30630 when executing : disconnect @ line number : 129
The event WARNING was occored in 2013-09-14 07:53:27,906 : PID : 30630 when executing : disconnect @ line number : 129
The event WARNING was occored in 2013-09-14 07:53:28,909 : PID : 30630 when executing : disconnect @ line number : 129
The event WARNING was occored in 2013-09-14 07:53:29,912 : PID : 30630 when executing : disconnect @ line number : 129
The event WARNING was occored in 2013-09-14 07:53:30,916 : PID : 30630 when executing : disconnect @ line number : 129
The event WARNING was occored in 2013-09-14 07:53:31,919 : PID : 30630 when executing : disconnect @ line number : 129
The event WARNING was occored in 2013-09-14 07:53:32,922 : PID : 30630 when executing : disconnect @ line number : 129
The event WARNING was occored in 2013-09-14 07:53:33,934 : PID : 30630 when executing : disconnect @ line number : 129
The event WARNING was occored in 2013-09-14 07:53:34,938 : PID : 30630 when executing : disconnect @ line number : 129
The event WARNING was occored in 2013-09-14 07:53:35,941 : PID : 30630 when executing : disconnect @ line number : 129
The event WARNING was occored in 2013-09-14 07:53:36,945 : PID : 30630 when executing : disconnect @ line number : 129
The event WARNING was occored in 2013-09-14 07:53:37,967 : PID : 30630 when executing : disconnect @ line number : 129
The event WARNING was occored in 2013-09-14 07:53:38,971 : PID : 30630 when executing : disconnect @ line number : 129
The event WARNING was occored in 2013-09-14 07:53:39,974 : PID : 30630 when executing : disconnect @ line number : 129
The event WARNING was occored in 2013-09-14 07:53:40,989 : PID : 30630 when executing : disconnect @ line number : 129
The event WARNING was occored in 2013-09-14 07:53:41,992 : PID : 30630 when executing : disconnect @ line number : 129
The event WARNING was occored in 2013-09-14 07:53:42,995 : PID : 30630 when executing : disconnect @ line number : 129
The event WARNING was occored in 2013-09-14 07:53:43,998 : PID : 30630 when executing : disconnect @ line number : 129
The event WARNING was occored in 2013-09-14 07:53:45,001 : PID : 30630 when executing : disconnect @ line number : 129
The event WARNING was occored in 2013-09-14 07:53:46,019 : PID : 30630 when executing : disconnect @ line number : 129
The event WARNING was occored in 2013-09-14 07:53:47,022 : PID : 30630 when executing : disconnect @ line number : 129
The event WARNING was occored in 2013-09-14 07:53:48,025 : PID : 30630 when executing : disconnect @ line number : 129
The event WARNING was occored in 2013-09-14 07:53:49,028 : PID : 30630 when executing : disconnect @ line number : 129
The event WARNING was occored in 2013-09-14 07:53:50,040 : PID : 30630 when executing : disconnect @ line number : 129
The event WARNING was occored in 2013-09-14 07:53:51,042 : PID : 30630 when executing : disconnect @ line number : 129
The event WARNING was occored in 2013-09-14 07:53:52,045 : PID : 30630 when executing : disconnect @ line number : 129
The event WARNING was occored in 2013-09-14 07:53:53,066 : PID : 30630 when executing : disconnect @ line number : 129
The event WARNING was occored in 2013-09-14 07:53:54,096 : PID : 30630 when executing : disconnect @ line number : 129
The event WARNING was occored in 2013-09-14 07:53:55,100 : PID : 30630 when executing : disconnect @ line number : 129
The event WARNING was occored in 2013-09-14 07:53:56,103 : PID : 30630 when executing : disconnect @ line number : 129
The event WARNING was occored in 2013-09-14 07:53:57,146 : PID : 30630 when executing : disconnect @ line number : 129
The event WARNING was occored in 2013-09-14 07:53:58,152 : PID : 30630 when executing : disconnect @ line number : 129
The event WARNING was occored in 2013-09-14 07:53:59,155 : PID : 30630 when executing : disconnect @ line number : 129
The event WARNING was occored in 2013-09-14 07:54:00,158 : PID : 30630 when executing : disconnect @ line number : 129
The event WARNING was occored in 2013-09-14 07:54:01,160 : PID : 30630 when executing : disconnect @ line number : 129
The event WARNING was occored in 2013-09-14 07:54:02,164 : PID : 30630 when executing : disconnect @ line number : 129
The event WARNING was occored in 2013-09-14 07:54:03,166 : PID : 30630 when executing : disconnect @ line number : 129
The event WARNING was occored in 2013-09-14 07:54:04,169 : PID : 30630 when executing : disconnect @ line number : 129
The event WARNING was occored in 2013-09-14 07:54:05,173 : PID : 30630 when executing : disconnect @ line number : 129
The event WARNING was occored in 2013-09-14 07:54:06,176 : PID : 30630 when executing : disconnect @ line number : 129
The event WARNING was occored in 2013-09-14 07:54:07,192 : PID : 30630 when executing : disconnect @ line number : 129
The event WARNING was occored in 2013-09-14 07:54:08,195 : PID : 30630 when executing : disconnect @ line number : 129
The event WARNING was occored in 2013-09-14 07:54:09,200 : PID : 30630 when executing : disconnect @ line number : 129
The event WARNING was occored in 2013-09-14 07:54:10,204 : PID : 30630 when executing : disconnect @ line number : 129
The event WARNING was occored in 2013-09-14 07:54:11,206 : PID : 30630 when executing : disconnect @ line number : 129
The event WARNING was occored in 2013-09-14 07:54:12,211 : PID : 30630 when executing : disconnect @ line number : 129
The event WARNING was occored in 2013-09-14 07:54:13,215 : PID : 30630 when executing : disconnect @ line number : 129
The event WARNING was occored in 2013-09-14 07:54:14,218 : PID : 30630 when executing : disconnect @ line number : 129
The event WARNING was occored in 2013-09-14 07:54:15,221 : PID : 30630 when executing : disconnect @ line number : 129
The event WARNING was occored in 2013-09-14 07:54:16,224 : PID : 30630 when executing : disconnect @ line number : 129
The event WARNING was occored in 2013-09-14 07:54:17,254 : PID : 30630 when executing : disconnect @ line number : 129
The event WARNING was occored in 2013-09-14 07:54:18,257 : PID : 30630 when executing : disconnect @ line number : 129
The event WARNING was occored in 2013-09-14 07:54:19,261 : PID : 30630 when executing : disconnect @ line number : 129
The event WARNING was occored in 2013-09-14 07:54:20,265 : PID : 30630 when executing : disconnect @ line number : 129
The event WARNING was occored in 2013-09-14 07:54:21,274 : PID : 30630 when executing : disconnect @ line number : 129
The event WARNING was occored in 2013-09-14 07:54:22,278 : PID : 30630 when executing : disconnect @ line number : 129
The event WARNING was occored in 2013-09-14 07:54:23,281 : PID : 30630 when executing : disconnect @ line number : 129
The event WARNING was occored in 2013-09-14 07:54:24,285 : PID : 30630 when executing : disconnect @ line number : 129
The event WARNING was occored in 2013-09-14 07:54:25,289 : PID : 30630 when executing : disconnect @ line number : 129
The event WARNING was occored in 2013-09-14 07:54:26,307 : PID : 30630 when executing : disconnect @ line number : 129
The event WARNING was occored in 2013-09-14 07:54:27,333 : PID : 30630 when executing : disconnect @ line number : 129
The event WARNING was occored in 2013-09-14 07:54:28,336 : PID : 30630 when executing : disconnect @ line number : 129
The event WARNING was occored in 2013-09-14 07:54:29,339 : PID : 30630 when executing : disconnect @ line number : 129
The event WARNING was occored in 2013-09-14 07:54:30,342 : PID : 30630 when executing : disconnect @ line number : 129
The event WARNING was occored in 2013-09-14 07:54:31,345 : PID : 30630 when executing : disconnect @ line number : 129
The event WARNING was occored in 2013-09-14 07:54:32,348 : PID : 30630 when executing : disconnect @ line number : 129
The event WARNING was occored in 2013-09-14 07:54:33,351 : PID : 30630 when executing : disconnect @ line number : 129
The event WARNING was occored in 2013-09-14 07:54:34,354 : PID : 30630 when executing : disconnect @ line number : 129
The event WARNING was occored in 2013-09-14 07:54:35,357 : PID : 30630 when executing : disconnect @ line number : 129
The event WARNING was occored in 2013-09-14 07:54:36,360 : PID : 30630 when executing : disconnect @ line number : 129
The event WARNING was occored in 2013-09-14 07:54:37,362 : PID : 30630 when executing : disconnect @ line number : 129
The event WARNING was occored in 2013-09-14 07:54:38,365 : PID : 30630 when executing : disconnect @ line number : 129
The event WARNING was occored in 2013-09-14 07:54:39,368 : PID : 30630 when executing : disconnect @ line number : 129
The event WARNING was occored in 2013-09-14 07:54:40,371 : PID : 30630 when executing : disconnect @ line number : 129
The event WARNING was occored in 2013-09-14 07:54:41,373 : PID : 30630 when executing : disconnect @ line number : 129
The event WARNING was occored in 2013-09-14 07:54:42,332 : PID : 30630 when executing : disconnect @ line number : 129
The event WARNING was occored in 2013-09-14 07:54:42,376 : PID : 30630 when executing : disconnect @ line number : 129
The event WARNING was occored in 2013-09-14 07:54:43,379 : PID : 30630 when executing : disconnect @ line number : 129
The event WARNING was occored in 2013-09-14 07:54:44,382 : PID : 30630 when executing : disconnect @ line number : 129
The event WARNING was occored in 2013-09-14 07:54:45,385 : PID : 30630 when executing : disconnect @ line number : 129
The event WARNING was occored in 2013-09-14 07:54:46,388 : PID : 30630 when executing : disconnect @ line number : 129
The event WARNING was occored in 2013-09-14 07:54:47,391 : PID : 30630 when executing : disconnect @ line number : 129
The event WARNING was occored in 2013-09-14 07:54:48,395 : PID : 30630 when executing : disconnect @ line number : 129
The event WARNING was occored in 2013-09-14 07:54:49,399 : PID : 30630 when executing : disconnect @ line number : 129
The event WARNING was occored in 2013-09-14 07:54:50,402 : PID : 30630 when executing : disconnect @ line number : 129
The event WARNING was occored in 2013-09-14 07:54:51,405 : PID : 30630 when executing : disconnect @ line number : 129
The event WARNING was occored in 2013-09-14 07:54:52,407 : PID : 30630 when executing : disconnect @ line number : 129
The event WARNING was occored in 2013-09-14 07:54:53,410 : PID : 30630 when executing : disconnect @ line number : 129
The event WARNING was occored in 2013-09-14 07:54:54,414 : PID : 30630 when executing : disconnect @ line number : 129
The event WARNING was occored in 2013-09-14 07:54:55,417 : PID : 30630 when executing : disconnect @ line number : 129
The event WARNING was occored in 2013-09-14 07:54:56,420 : PID : 30630 when executing : disconnect @ line number : 129
The event WARNING was occored in 2013-09-14 07:54:57,447 : PID : 30630 when executing : disconnect @ line number : 129
The event WARNING was occored in 2013-09-14 07:54:58,451 : PID : 30630 when executing : disconnect @ line number : 129
The event WARNING was occored in 2013-09-14 07:54:59,453 : PID : 30630 when executing : disconnect @ line number : 129
The event WARNING was occored in 2013-09-14 07:55:00,456 : PID : 30630 when executing : disconnect @ line number : 129
The event WARNING was occored in 2013-09-14 07:55:01,459 : PID : 30630 when executing : disconnect @ line number : 129
The event WARNING was occored in 2013-09-14 07:55:02,462 : PID : 30630 when executing : disconnect @ line number : 129
The event WARNING was occored in 2013-09-14 07:55:03,466 : PID : 30630 when executing : disconnect @ line number : 129
The event WARNING was occored in 2013-09-14 07:55:04,469 : PID : 30630 when executing : disconnect @ line number : 129
The event WARNING was occored in 2013-09-14 07:55:05,472 : PID : 30630 when executing : disconnect @ line number : 129
The event WARNING was occored in 2013-09-14 07:55:06,475 : PID : 30630 when executing : disconnect @ line number : 129
The event WARNING was occored in 2013-09-14 07:55:07,478 : PID : 30630 when executing : disconnect @ line number : 129
The event WARNING was occored in 2013-09-14 07:55:08,481 : PID : 30630 when executing : disconnect @ line number : 129
The event WARNING was occored in 2013-09-14 07:55:09,483 : PID : 30630 when executing : disconnect @ line number : 129
The event WARNING was occored in 2013-09-14 07:55:10,486 : PID : 30630 when executing : disconnect @ line number : 129
The event WARNING was occored in 2013-09-14 07:55:11,489 : PID : 30630 when executing : disconnect @ line number : 129
The event WARNING was occored in 2013-09-14 07:55:12,492 : PID : 30630 when executing : disconnect @ line number : 129
The event WARNING was occored in 2013-09-14 07:55:13,495 : PID : 30630 when executing : disconnect @ line number : 129
The event WARNING was occored in 2013-09-14 07:55:14,498 : PID : 30630 when executing : disconnect @ line number : 129
The event WARNING was occored in 2013-09-14 07:55:15,501 : PID : 30630 when executing : disconnect @ line number : 129
The event WARNING was occored in 2013-09-14 07:55:16,505 : PID : 30630 when executing : disconnect @ line number : 129
The event WARNING was occored in 2013-09-14 07:55:17,508 : PID : 30630 when executing : disconnect @ line number : 129
The event WARNING was occored in 2013-09-14 07:55:18,511 : PID : 30630 when executing : disconnect @ line number : 129
The event WARNING was occored in 2013-09-14 07:55:19,515 : PID : 30630 when executing : disconnect @ line number : 129
The event WARNING was occored in 2013-09-14 07:55:20,519 : PID : 30630 when executing : disconnect @ line number : 129
The event WARNING was occored in 2013-09-14 07:55:21,521 : PID : 30630 when executing : disconnect @ line number : 129
The event WARNING was occored in 2013-09-14 07:55:22,524 : PID : 30630 when executing : disconnect @ line number : 129
The event WARNING was occored in 2013-09-14 07:55:23,527 : PID : 30630 when executing : disconnect @ line number : 129
The event WARNING was occored in 2013-09-14 07:55:24,529 : PID : 30630 when executing : disconnect @ line number : 129
The event WARNING was occored in 2013-09-14 07:55:25,532 : PID : 30630 when executing : disconnect @ line number : 129
The event WARNING was occored in 2013-09-14 07:55:26,536 : PID : 30630 when executing : disconnect @ line number : 129
The event WARNING was occored in 2013-09-14 07:55:27,563 : PID : 30630 when executing : disconnect @ line number : 129
The event WARNING was occored in 2013-09-14 07:55:28,566 : PID : 30630 when executing : disconnect @ line number : 129
The event WARNING was occored in 2013-09-14 07:55:29,569 : PID : 30630 when executing : disconnect @ line number : 129
The event WARNING was occored in 2013-09-14 07:55:30,572 : PID : 30630 when executing : disconnect @ line number : 129
The event WARNING was occored in 2013-09-14 07:55:31,575 : PID : 30630 when executing : disconnect @ line number : 129
The event WARNING was occored in 2013-09-14 07:55:32,578 : PID : 30630 when executing : disconnect @ line number : 129
The event WARNING was occored in 2013-09-14 07:55:33,580 : PID : 30630 when executing : disconnect @ line number : 129
The event WARNING was occored in 2013-09-14 07:55:34,583 : PID : 30630 when executing : disconnect @ line number : 129
The event WARNING was occored in 2013-09-14 07:55:35,585 : PID : 30630 when executing : disconnect @ line number : 129
The event WARNING was occored in 2013-09-14 07:55:36,588 : PID : 30630 when executing : disconnect @ line number : 129
The event WARNING was occored in 2013-09-14 07:55:37,245 : PID : 30630 when executing : disconnect @ line number : 129
The event INFO was occored in 2013-09-14 08:04:14,662 : PID : 31113 when executing : configServer @ line number : 260
The event INFO was occored in 2013-09-14 08:04:14,662 : PID : 31113 when executing : main @ line number : 92
The event WARNING was occored in 2013-09-14 08:04:55,748 : PID : 31113 when executing : disconnect @ line number : 129
The event WARNING was occored in 2013-09-14 08:04:59,482 : PID : 31113 when executing : disconnect @ line number : 129
The event WARNING was occored in 2013-09-14 08:05:00,486 : PID : 31113 when executing : disconnect @ line number : 129
The event WARNING was occored in 2013-09-14 08:05:01,488 : PID : 31113 when executing : disconnect @ line number : 129
The event WARNING was occored in 2013-09-14 08:05:02,491 : PID : 31113 when executing : disconnect @ line number : 129
The event WARNING was occored in 2013-09-14 08:05:03,495 : PID : 31113 when executing : disconnect @ line number : 129
The event WARNING was occored in 2013-09-14 08:05:04,498 : PID : 31113 when executing : disconnect @ line number : 129
The event WARNING was occored in 2013-09-14 08:05:05,500 : PID : 31113 when executing : disconnect @ line number : 129
The event WARNING was occored in 2013-09-14 08:05:06,503 : PID : 31113 when executing : disconnect @ line number : 129
The event WARNING was occored in 2013-09-14 08:05:07,506 : PID : 31113 when executing : disconnect @ line number : 129
The event WARNING was occored in 2013-09-14 08:05:08,509 : PID : 31113 when executing : disconnect @ line number : 129
The event WARNING was occored in 2013-09-14 08:05:09,511 : PID : 31113 when executing : disconnect @ line number : 129
The event WARNING was occored in 2013-09-14 08:05:10,514 : PID : 31113 when executing : disconnect @ line number : 129
The event WARNING was occored in 2013-09-14 08:05:11,517 : PID : 31113 when executing : disconnect @ line number : 129
The event WARNING was occored in 2013-09-14 08:05:12,520 : PID : 31113 when executing : disconnect @ line number : 129
The event WARNING was occored in 2013-09-14 08:05:13,524 : PID : 31113 when executing : disconnect @ line number : 129
The event WARNING was occored in 2013-09-14 08:05:14,527 : PID : 31113 when executing : disconnect @ line number : 129
The event WARNING was occored in 2013-09-14 08:05:15,530 : PID : 31113 when executing : disconnect @ line number : 129
The event WARNING was occored in 2013-09-14 08:05:16,542 : PID : 31113 when executing : disconnect @ line number : 129
The event WARNING was occored in 2013-09-14 08:05:17,544 : PID : 31113 when executing : disconnect @ line number : 129
The event WARNING was occored in 2013-09-14 08:05:18,547 : PID : 31113 when executing : disconnect @ line number : 129
The event WARNING was occored in 2013-09-14 08:05:19,551 : PID : 31113 when executing : disconnect @ line number : 129
The event WARNING was occored in 2013-09-14 08:05:20,554 : PID : 31113 when executing : disconnect @ line number : 129
The event WARNING was occored in 2013-09-14 08:05:21,557 : PID : 31113 when executing : disconnect @ line number : 129
The event WARNING was occored in 2013-09-14 08:05:22,560 : PID : 31113 when executing : disconnect @ line number : 129
The event WARNING was occored in 2013-09-14 08:05:23,564 : PID : 31113 when executing : disconnect @ line number : 129
The event WARNING was occored in 2013-09-14 08:05:24,567 : PID : 31113 when executing : disconnect @ line number : 129
The event WARNING was occored in 2013-09-14 08:05:25,570 : PID : 31113 when executing : disconnect @ line number : 129
The event WARNING was occored in 2013-09-14 08:05:26,573 : PID : 31113 when executing : disconnect @ line number : 129
The event WARNING was occored in 2013-09-14 08:05:27,609 : PID : 31113 when executing : disconnect @ line number : 129
The event WARNING was occored in 2013-09-14 08:05:28,612 : PID : 31113 when executing : disconnect @ line number : 129
The event WARNING was occored in 2013-09-14 08:05:29,615 : PID : 31113 when executing : disconnect @ line number : 129
The event WARNING was occored in 2013-09-14 08:05:30,618 : PID : 31113 when executing : disconnect @ line number : 129
The event WARNING was occored in 2013-09-14 08:05:31,620 : PID : 31113 when executing : disconnect @ line number : 129
The event WARNING was occored in 2013-09-14 08:05:32,623 : PID : 31113 when executing : disconnect @ line number : 129
The event WARNING was occored in 2013-09-14 08:05:33,626 : PID : 31113 when executing : disconnect @ line number : 129
The event WARNING was occored in 2013-09-14 08:05:34,629 : PID : 31113 when executing : disconnect @ line number : 129
The event WARNING was occored in 2013-09-14 08:05:35,632 : PID : 31113 when executing : disconnect @ line number : 129
The event WARNING was occored in 2013-09-14 08:05:36,635 : PID : 31113 when executing : disconnect @ line number : 129
The event WARNING was occored in 2013-09-14 08:05:37,638 : PID : 31113 when executing : disconnect @ line number : 129
The event WARNING was occored in 2013-09-14 08:05:38,641 : PID : 31113 when executing : disconnect @ line number : 129
The event WARNING was occored in 2013-09-14 08:05:39,645 : PID : 31113 when executing : disconnect @ line number : 129
The event WARNING was occored in 2013-09-14 08:05:40,647 : PID : 31113 when executing : disconnect @ line number : 129
The event WARNING was occored in 2013-09-14 08:05:41,650 : PID : 31113 when executing : disconnect @ line number : 129
The event WARNING was occored in 2013-09-14 08:05:42,653 : PID : 31113 when executing : disconnect @ line number : 129
The event WARNING was occored in 2013-09-14 08:05:43,660 : PID : 31113 when executing : disconnect @ line number : 129
The event WARNING was occored in 2013-09-14 08:05:44,663 : PID : 31113 when executing : disconnect @ line number : 129
The event WARNING was occored in 2013-09-14 08:05:45,665 : PID : 31113 when executing : disconnect @ line number : 129
The event WARNING was occored in 2013-09-14 08:05:46,668 : PID : 31113 when executing : disconnect @ line number : 129
The event WARNING was occored in 2013-09-14 08:05:47,672 : PID : 31113 when executing : disconnect @ line number : 129
The event WARNING was occored in 2013-09-14 08:05:48,674 : PID : 31113 when executing : disconnect @ line number : 129
The event WARNING was occored in 2013-09-14 08:05:49,677 : PID : 31113 when executing : disconnect @ line number : 129
The event WARNING was occored in 2013-09-14 08:05:50,680 : PID : 31113 when executing : disconnect @ line number : 129
The event WARNING was occored in 2013-09-14 08:05:51,683 : PID : 31113 when executing : disconnect @ line number : 129
The event INFO was occored in 2013-09-14 08:07:49,722 : PID : 31197 when executing : configServer @ line number : 260
The event INFO was occored in 2013-09-14 08:07:49,723 : PID : 31197 when executing : main @ line number : 92
The event INFO was occored in 2013-09-14 08:12:57,976 : PID : 31580 when executing : configServer @ line number : 260
The event INFO was occored in 2013-09-14 08:12:57,976 : PID : 31580 when executing : main @ line number : 92
The event WARNING was occored in 2013-09-14 08:13:12,443 : PID : 31580 when executing : disconnect @ line number : 129
The event INFO was occored in 2013-09-14 08:43:13,211 : PID : 31980 when executing : configServer @ line number : 260
The event INFO was occored in 2013-09-14 08:43:13,227 : PID : 31980 when executing : main @ line number : 92
The event WARNING was occored in 2013-09-14 09:04:21,301 : PID : 31980 when executing : disconnect @ line number : 129
The event WARNING was occored in 2013-09-14 09:05:45,390 : PID : 31980 when executing : disconnect @ line number : 129
The event WARNING was occored in 2013-09-14 09:15:35,856 : PID : 31980 when executing : disconnect @ line number : 129
The event WARNING was occored in 2013-09-15 08:06:48,909 : PID : 31980 when executing : disconnect @ line number : 129
The event ERROR was occored in 2013-09-17 05:49:47,099 : PID : 31980 when executing : __init__ @ line number : 71
The event WARNING was occored in 2013-09-17 05:49:47,115 : PID : 31980 when executing : disconnect @ line number : 129
The event WARNING was occored in 2013-09-23 04:17:58,009 : PID : 31980 when executing : disconnect @ line number : 129
The event WARNING was occored in 2013-09-23 04:19:25,684 : PID : 31980 when executing : disconnect @ line number : 129
The event ERROR was occored in 2013-09-23 05:20:25,673 : PID : 31980 when executing : __init__ @ line number : 83
The event WARNING was occored in 2013-09-23 05:20:25,685 : PID : 31980 when executing : disconnect @ line number : 129
The event WARNING was occored in 2013-09-23 06:03:39,823 : PID : 31980 when executing : disconnect @ line number : 129
The event WARNING was occored in 2013-09-23 06:12:34,666 : PID : 31980 when executing : disconnect @ line number : 129
The event ERROR was occored in 2013-09-24 18:09:15,754 : PID : 31980 when executing : __init__ @ line number : 71
The event WARNING was occored in 2013-09-24 18:09:15,766 : PID : 31980 when executing : disconnect @ line number : 129
The event ERROR was occored in 2013-09-25 03:31:55,328 : PID : 31980 when executing : __init__ @ line number : 71
The event WARNING was occored in 2013-09-25 03:31:55,328 : PID : 31980 when executing : disconnect @ line number : 129
The event ERROR was occored in 2013-09-27 08:14:32,178 : PID : 31980 when executing : __init__ @ line number : 71
The event WARNING was occored in 2013-09-27 08:14:32,264 : PID : 31980 when executing : disconnect @ line number : 129
The event WARNING was occored in 2013-10-01 05:00:31,570 : PID : 31980 when executing : disconnect @ line number : 129
The event WARNING was occored in 2013-10-04 12:14:07,493 : PID : 31980 when executing : disconnect @ line number : 129
The event WARNING was occored in 2013-10-04 12:14:34,012 : PID : 31980 when executing : disconnect @ line number : 129
The event ERROR was occored in 2013-10-10 08:34:03,241 : PID : 31980 when executing : __init__ @ line number : 71
The event WARNING was occored in 2013-10-10 08:34:03,243 : PID : 31980 when executing : disconnect @ line number : 129
The event ERROR was occored in 2013-10-16 05:54:16,562 : PID : 31980 when executing : __init__ @ line number : 71
The event WARNING was occored in 2013-10-16 05:54:16,586 : PID : 31980 when executing : disconnect @ line number : 129
The event ERROR was occored in 2013-10-20 23:03:51,910 : PID : 31980 when executing : __init__ @ line number : 71
The event WARNING was occored in 2013-10-20 23:03:51,924 : PID : 31980 when executing : disconnect @ line number : 129
The event ERROR was occored in 2013-10-21 05:29:23,404 : PID : 31980 when executing : __init__ @ line number : 83
The event WARNING was occored in 2013-10-21 05:29:23,405 : PID : 31980 when executing : disconnect @ line number : 129
The event ERROR was occored in 2013-10-21 05:32:41,913 : PID : 31980 when executing : __init__ @ line number : 83
The event ERROR was occored in 2013-10-21 05:32:51,983 : PID : 31980 when executing : __init__ @ line number : 83
The event ERROR was occored in 2013-10-21 05:33:02,029 : PID : 31980 when executing : __init__ @ line number : 83
The event ERROR was occored in 2013-10-21 05:33:12,037 : PID : 31980 when executing : __init__ @ line number : 83
The event ERROR was occored in 2013-10-21 05:33:22,134 : PID : 31980 when executing : __init__ @ line number : 83
The event ERROR was occored in 2013-10-21 05:33:32,142 : PID : 31980 when executing : __init__ @ line number : 83
The event WARNING was occored in 2013-10-21 05:33:43,294 : PID : 31980 when executing : disconnect @ line number : 129
The event ERROR was occored in 2013-10-21 05:33:53,797 : PID : 31980 when executing : __init__ @ line number : 83
The event ERROR was occored in 2013-10-21 05:34:03,873 : PID : 31980 when executing : __init__ @ line number : 83
The event ERROR was occored in 2013-10-21 05:34:13,902 : PID : 31980 when executing : __init__ @ line number : 83
The event ERROR was occored in 2013-10-21 05:34:23,968 : PID : 31980 when executing : __init__ @ line number : 83
The event ERROR was occored in 2013-10-21 05:34:34,030 : PID : 31980 when executing : __init__ @ line number : 83
The event ERROR was occored in 2013-10-21 05:34:44,052 : PID : 31980 when executing : __init__ @ line number : 83
The event ERROR was occored in 2013-10-21 05:34:55,873 : PID : 31980 when executing : __init__ @ line number : 83
The event ERROR was occored in 2013-10-21 05:35:41,632 : PID : 31980 when executing : __init__ @ line number : 83
The event ERROR was occored in 2013-10-21 05:35:50,123 : PID : 31980 when executing : __init__ @ line number : 83
The event ERROR was occored in 2013-10-21 05:36:00,214 : PID : 31980 when executing : __init__ @ line number : 83
The event WARNING was occored in 2013-10-21 05:36:05,719 : PID : 31980 when executing : disconnect @ line number : 129
The event ERROR was occored in 2013-10-21 05:36:31,171 : PID : 31980 when executing : __init__ @ line number : 83
The event ERROR was occored in 2013-10-21 05:36:41,216 : PID : 31980 when executing : __init__ @ line number : 83
The event ERROR was occored in 2013-10-21 05:36:51,255 : PID : 31980 when executing : __init__ @ line number : 83
The event ERROR was occored in 2013-10-21 05:37:01,303 : PID : 31980 when executing : __init__ @ line number : 83
The event ERROR was occored in 2013-10-21 05:37:11,305 : PID : 31980 when executing : __init__ @ line number : 83
The event ERROR was occored in 2013-10-21 05:37:21,366 : PID : 31980 when executing : __init__ @ line number : 83
The event ERROR was occored in 2013-10-21 05:37:31,386 : PID : 31980 when executing : __init__ @ line number : 83
The event ERROR was occored in 2013-10-21 05:37:41,460 : PID : 31980 when executing : __init__ @ line number : 83
The event ERROR was occored in 2013-10-21 05:37:51,472 : PID : 31980 when executing : __init__ @ line number : 83
The event ERROR was occored in 2013-10-21 05:38:01,561 : PID : 31980 when executing : __init__ @ line number : 83
The event ERROR was occored in 2013-10-21 05:43:27,034 : PID : 31980 when executing : __init__ @ line number : 83
The event WARNING was occored in 2013-10-21 05:43:27,035 : PID : 31980 when executing : disconnect @ line number : 129
The event ERROR was occored in 2013-10-21 05:44:02,512 : PID : 31980 when executing : __init__ @ line number : 83
The event ERROR was occored in 2013-10-21 05:44:11,620 : PID : 31980 when executing : __init__ @ line number : 83
The event ERROR was occored in 2013-10-21 05:44:21,658 : PID : 31980 when executing : __init__ @ line number : 83
The event WARNING was occored in 2013-10-21 05:44:34,499 : PID : 31980 when executing : disconnect @ line number : 129
The event WARNING was occored in 2013-10-21 05:44:52,316 : PID : 31980 when executing : disconnect @ line number : 129
The event ERROR was occored in 2013-10-21 05:45:04,521 : PID : 31980 when executing : __init__ @ line number : 83
The event ERROR was occored in 2013-10-21 05:45:14,538 : PID : 31980 when executing : __init__ @ line number : 83
The event ERROR was occored in 2013-10-21 05:45:24,581 : PID : 31980 when executing : __init__ @ line number : 83
The event WARNING was occored in 2013-10-21 05:45:35,605 : PID : 31980 when executing : disconnect @ line number : 129
The event ERROR was occored in 2013-10-21 05:45:35,904 : PID : 31980 when executing : __init__ @ line number : 83
The event ERROR was occored in 2013-10-21 05:45:44,663 : PID : 31980 when executing : __init__ @ line number : 83
The event ERROR was occored in 2013-10-21 05:45:54,750 : PID : 31980 when executing : __init__ @ line number : 83
The event WARNING was occored in 2013-10-21 05:53:39,996 : PID : 31980 when executing : disconnect @ line number : 129
The event WARNING was occored in 2013-10-22 05:39:25,844 : PID : 31980 when executing : disconnect @ line number : 129
The event ERROR was occored in 2013-10-22 09:54:08,317 : PID : 31980 when executing : __init__ @ line number : 83
The event WARNING was occored in 2013-10-22 09:54:08,336 : PID : 31980 when executing : disconnect @ line number : 129
The event WARNING was occored in 2013-10-22 09:54:50,104 : PID : 31980 when executing : disconnect @ line number : 129
The event WARNING was occored in 2013-10-22 09:56:06,463 : PID : 31980 when executing : disconnect @ line number : 129
The event ERROR was occored in 2013-10-23 12:36:15,865 : PID : 31980 when executing : __init__ @ line number : 83
The event WARNING was occored in 2013-10-23 12:36:40,516 : PID : 31980 when executing : disconnect @ line number : 129
The event ERROR was occored in 2013-10-24 02:47:14,063 : PID : 31980 when executing : __init__ @ line number : 83
The event WARNING was occored in 2013-10-24 03:02:02,857 : PID : 31980 when executing : disconnect @ line number : 129
The event WARNING was occored in 2013-10-24 03:27:07,261 : PID : 31980 when executing : disconnect @ line number : 129
The event WARNING was occored in 2013-10-24 04:45:14,134 : PID : 31980 when executing : disconnect @ line number : 129
